This file contains any messages produced by compilers while
running configure, to aid debugging if configure makes a mistake.

It was created by tclmcairo configure 0.2, which was
generated by GNU Autoconf 2.72.  Invocation command line was

  $ ./configure --with-tcl=/usr/lib/tcl9.0

## --------- ##
## Platform. ##
## --------- ##

hostname = lxpro
uname -m = x86_64
uname -r = 6.19.10+deb14-amd64
uname -s = Linux
uname -v = #1 SMP PREEMPT_DYNAMIC Debian 6.19.10-1 (2026-03-27)

/usr/bin/uname -p = unknown
/bin/uname -X     = unknown

/bin/arch              = x86_64
/usr/bin/arch -k       = unknown
/usr/convex/getsysinfo = unknown
/usr/bin/hostinfo      = unknown
/bin/machine           = unknown
/usr/bin/oslevel       = unknown
/bin/universe          = unknown

PATH: /home/greg/.TinyTeX/bin/x86_64-linux/
PATH: /home/greg/go/bin/
PATH: /usr/local/go/bin/
PATH: /home/greg/.local/bin/
PATH: /home/greg/bin/
PATH: /home/greg/development/android-studio/bin/
PATH: /home/greg/development/flutter/bin/
PATH: /opt/oracle/instantclient_19_25/
PATH: /usr/local/bin/
PATH: /usr/bin/
PATH: /bin/
PATH: /usr/local/games/
PATH: /usr/games/


## ----------- ##
## Core tests. ##
## ----------- ##

configure:2388: checking TEA configuration
configure:2394: result: ok (TEA 3.13)
configure:2481: configuring tclmcairo 0.2
configure:2511: checking system version
configure:2539: result: Linux-6.19.10+deb14-amd64
configure:2588: checking for Tcl configuration
configure:2728: result: found /usr/lib/tcl9.0/tclConfig.sh
configure:2796: checking for gcc
configure:2817: found /usr/bin/gcc
configure:2829: result: gcc
configure:3188: checking for C compiler version
configure:3197: gcc --version >&5
gcc (Debian 15.2.0-16) 15.2.0
Copyright (C) 2025 Free Software Foundation, Inc.
This is free software; see the source for copying conditions.  There is NO
warranty; not even for MERCHANTABILITY or FITNESS FOR A PARTICULAR PURPOSE.

configure:3208: $? = 0
configure:3197: gcc -v >&5
Using built-in specs.
COLLECT_GCC=gcc
COLLECT_LTO_WRAPPER=/usr/libexec/gcc/x86_64-linux-gnu/15/lto-wrapper
OFFLOAD_TARGET_NAMES=nvptx-none:amdgcn-amdhsa
OFFLOAD_TARGET_DEFAULT=1
Target: x86_64-linux-gnu
Configured with: ../src/configure -v --with-pkgversion='Debian 15.2.0-16' --with-bugurl=file:///usr/share/doc/gcc-15/README.Bugs --enable-languages=c,ada,c++,go,d,fortran,objc,obj-c++,m2,rust,cobol,algol68 --prefix=/usr --with-gcc-major-version-only --program-suffix=-15 --program-prefix=x86_64-linux-gnu- --enable-shared --enable-linker-build-id --libexecdir=/usr/libexec --without-included-gettext --enable-threads=posix --libdir=/usr/lib --enable-nls --enable-bootstrap --enable-clocale=gnu --enable-libstdcxx-debug --enable-libstdcxx-time=yes --with-default-libstdcxx-abi=new --enable-libstdcxx-backtrace --enable-gnu-unique-object --disable-vtable-verify --enable-plugin --enable-default-pie --with-system-zlib --enable-libphobos-checking=release --with-target-system-zlib=auto --enable-objc-gc=auto --enable-multiarch --disable-werror --enable-cet --with-arch-32=i686 --with-abi=m64 --with-multilib-list=m32,m64,mx32 --enable-multilib --with-tune=generic --enable-offload-targets=nvptx-none=/build/reproducible-path/gcc-15-15.2.0/debian/tmp-nvptx/usr,amdgcn-amdhsa=/build/reproducible-path/gcc-15-15.2.0/debian/tmp-gcn/usr --enable-offload-defaulted --without-cuda-driver --enable-checking=release --build=x86_64-linux-gnu --host=x86_64-linux-gnu --target=x86_64-linux-gnu --with-build-config=bootstrap-lto-lean --enable-link-serialization=3
Thread model: posix
Supported LTO compression algorithms: zlib zstd
gcc version 15.2.0 (Debian 15.2.0-16) 
... rest of stderr output deleted ...
configure:3208: $? = 0
configure:3197: gcc -V >&5
gcc: error: unrecognized command-line option '-V'
gcc: fatal error: no input files
compilation terminated.
configure:3208: $? = 1
configure:3197: gcc -qversion >&5
gcc: error: unrecognized command-line option '-qversion'; did you mean '--version'?
gcc: fatal error: no input files
compilation terminated.
configure:3208: $? = 1
configure:3197: gcc -version >&5
gcc: error: unrecognized command-line option '-version'
gcc: fatal error: no input files
compilation terminated.
configure:3208: $? = 1
configure:3228: checking whether the C compiler works
configure:3250: gcc    conftest.c  >&5
configure:3254: $? = 0
configure:3305: result: yes
configure:3309: checking for C compiler default output file name
configure:3311: result: a.out
configure:3317: checking for suffix of executables
configure:3324: gcc -o conftest    conftest.c  >&5
configure:3328: $? = 0
configure:3352: result: 
configure:3376: checking whether we are cross compiling
configure:3384: gcc -o conftest    conftest.c  >&5
configure:3388: $? = 0
configure:3395: ./conftest
configure:3399: $? = 0
configure:3414: result: no
configure:3420: checking for suffix of object files
configure:3443: gcc -c   conftest.c >&5
configure:3447: $? = 0
configure:3471: result: o
configure:3475: checking whether the compiler supports GNU C
configure:3495: gcc -c   conftest.c >&5
configure:3495: $? = 0
configure:3507: result: yes
configure:3518: checking whether gcc accepts -g
configure:3539: gcc -c -g  conftest.c >&5
configure:3539: $? = 0
configure:3586: result: yes
configure:3606: checking for gcc option to enable C11 features
configure:3621: gcc  -c   conftest.c >&5
configure:3621: $? = 0
configure:3640: result: none needed
configure:3760: checking for existence of /usr/lib/tcl9.0/tclConfig.sh
configure:3764: result: loading
configure:3818: checking platform
configure:3836: x86_64-linux-gnu-gcc -c   conftest.c >&5
configure:3836: $? = 0
configure:3895: result: unix
configure:3928: --prefix defaulting to TCL_PREFIX /usr
configure:3940: --exec-prefix defaulting to TCL_EXEC_PREFIX /usr
configure:4009: checking for gcc
configure:4042: result: gcc
configure:4401: checking for C compiler version
configure:4410: gcc --version >&5
gcc (Debian 15.2.0-16) 15.2.0
Copyright (C) 2025 Free Software Foundation, Inc.
This is free software; see the source for copying conditions.  There is NO
warranty; not even for MERCHANTABILITY or FITNESS FOR A PARTICULAR PURPOSE.

configure:4421: $? = 0
configure:4410: gcc -v >&5
Using built-in specs.
COLLECT_GCC=gcc
COLLECT_LTO_WRAPPER=/usr/libexec/gcc/x86_64-linux-gnu/15/lto-wrapper
OFFLOAD_TARGET_NAMES=nvptx-none:amdgcn-amdhsa
OFFLOAD_TARGET_DEFAULT=1
Target: x86_64-linux-gnu
Configured with: ../src/configure -v --with-pkgversion='Debian 15.2.0-16' --with-bugurl=file:///usr/share/doc/gcc-15/README.Bugs --enable-languages=c,ada,c++,go,d,fortran,objc,obj-c++,m2,rust,cobol,algol68 --prefix=/usr --with-gcc-major-version-only --program-suffix=-15 --program-prefix=x86_64-linux-gnu- --enable-shared --enable-linker-build-id --libexecdir=/usr/libexec --without-included-gettext --enable-threads=posix --libdir=/usr/lib --enable-nls --enable-bootstrap --enable-clocale=gnu --enable-libstdcxx-debug --enable-libstdcxx-time=yes --with-default-libstdcxx-abi=new --enable-libstdcxx-backtrace --enable-gnu-unique-object --disable-vtable-verify --enable-plugin --enable-default-pie --with-system-zlib --enable-libphobos-checking=release --with-target-system-zlib=auto --enable-objc-gc=auto --enable-multiarch --disable-werror --enable-cet --with-arch-32=i686 --with-abi=m64 --with-multilib-list=m32,m64,mx32 --enable-multilib --with-tune=generic --enable-offload-targets=nvptx-none=/build/reproducible-path/gcc-15-15.2.0/debian/tmp-nvptx/usr,amdgcn-amdhsa=/build/reproducible-path/gcc-15-15.2.0/debian/tmp-gcn/usr --enable-offload-defaulted --without-cuda-driver --enable-checking=release --build=x86_64-linux-gnu --host=x86_64-linux-gnu --target=x86_64-linux-gnu --with-build-config=bootstrap-lto-lean --enable-link-serialization=3
Thread model: posix
Supported LTO compression algorithms: zlib zstd
gcc version 15.2.0 (Debian 15.2.0-16) 
... rest of stderr output deleted ...
configure:4421: $? = 0
configure:4410: gcc -V >&5
gcc: error: unrecognized command-line option '-V'
gcc: fatal error: no input files
compilation terminated.
configure:4421: $? = 1
configure:4410: gcc -qversion >&5
gcc: error: unrecognized command-line option '-qversion'; did you mean '--version'?
gcc: fatal error: no input files
compilation terminated.
configure:4421: $? = 1
configure:4410: gcc -version >&5
gcc: error: unrecognized command-line option '-version'
gcc: fatal error: no input files
compilation terminated.
configure:4421: $? = 1
configure:4425: checking whether the compiler supports GNU C
configure:4457: result: yes
configure:4468: checking whether gcc accepts -g
configure:4536: result: yes
configure:4556: checking for gcc option to enable C11 features
configure:4590: result: none needed
configure:4713: checking how to run the C preprocessor
configure:4739: gcc -E  conftest.c
configure:4739: $? = 0
configure:4755: gcc -E  conftest.c
conftest.c:10:10: fatal error: ac_nonexistent.h: No such file or directory
   10 | #include <ac_nonexistent.h>
      |          ^~~~~~~~~~~~~~~~~~
compilation terminated.
configure:4755: $? = 1
configure: failed program was:
| /* confdefs.h */
| #define PACKAGE_NAME "tclmcairo"
| #define PACKAGE_TARNAME "tclmcairo"
| #define PACKAGE_VERSION "0.2"
| #define PACKAGE_STRING "tclmcairo 0.2"
| #define PACKAGE_BUGREPORT ""
| #define PACKAGE_URL ""
| #define BUILD_tclmcairo /**/
| /* end confdefs.h.  */
| #include <ac_nonexistent.h>
configure:4784: result: gcc -E
configure:4798: gcc -E  conftest.c
configure:4798: $? = 0
configure:4814: gcc -E  conftest.c
conftest.c:10:10: fatal error: ac_nonexistent.h: No such file or directory
   10 | #include <ac_nonexistent.h>
      |          ^~~~~~~~~~~~~~~~~~
compilation terminated.
configure:4814: $? = 1
configure: failed program was:
| /* confdefs.h */
| #define PACKAGE_NAME "tclmcairo"
| #define PACKAGE_TARNAME "tclmcairo"
| #define PACKAGE_VERSION "0.2"
| #define PACKAGE_STRING "tclmcairo 0.2"
| #define PACKAGE_BUGREPORT ""
| #define PACKAGE_URL ""
| #define BUILD_tclmcairo /**/
| /* end confdefs.h.  */
| #include <ac_nonexistent.h>
configure:4851: checking whether make sets $(MAKE)
configure:4875: result: yes
configure:4938: checking for ranlib
configure:4959: found /usr/bin/ranlib
configure:4971: result: ranlib
configure:5005: checking for stdio.h
configure:5005: gcc -c   conftest.c >&5
configure:5005: $? = 0
configure:5005: result: yes
configure:5005: checking for stdlib.h
configure:5005: gcc -c   conftest.c >&5
configure:5005: $? = 0
configure:5005: result: yes
configure:5005: checking for string.h
configure:5005: gcc -c   conftest.c >&5
configure:5005: $? = 0
configure:5005: result: yes
configure:5005: checking for inttypes.h
configure:5005: gcc -c   conftest.c >&5
configure:5005: $? = 0
configure:5005: result: yes
configure:5005: checking for stdint.h
configure:5005: gcc -c   conftest.c >&5
configure:5005: $? = 0
configure:5005: result: yes
configure:5005: checking for strings.h
configure:5005: gcc -c   conftest.c >&5
configure:5005: $? = 0
configure:5005: result: yes
configure:5005: checking for sys/stat.h
configure:5005: gcc -c   conftest.c >&5
configure:5005: $? = 0
configure:5005: result: yes
configure:5005: checking for sys/types.h
configure:5005: gcc -c   conftest.c >&5
configure:5005: $? = 0
configure:5005: result: yes
configure:5005: checking for unistd.h
configure:5005: gcc -c   conftest.c >&5
configure:5005: $? = 0
configure:5005: result: yes
configure:5040: checking if the compiler understands -pipe
configure:5059: gcc -c  -pipe  conftest.c >&5
configure:5059: $? = 0
configure:5070: result: yes
configure:5087: checking whether byte ordering is bigendian
configure:5103: gcc -c  -pipe  conftest.c >&5
conftest.c:21:16: error: unknown type name 'not'
   21 |                not a universal capable compiler
      |                ^~~
conftest.c:21:22: error: expected '=', ',', ';', 'asm' or '__attribute__' before 'universal'
   21 |                not a universal capable compiler
      |                      ^~~~~~~~~
conftest.c:21:22: error: unknown type name 'universal'
configure:5103: $? = 1
configure: failed program was:
| /* confdefs.h */
| #define PACKAGE_NAME "tclmcairo"
| #define PACKAGE_TARNAME "tclmcairo"
| #define PACKAGE_VERSION "0.2"
| #define PACKAGE_STRING "tclmcairo 0.2"
| #define PACKAGE_BUGREPORT ""
| #define PACKAGE_URL ""
| #define BUILD_tclmcairo /**/
| #define HAVE_STDIO_H 1
| #define HAVE_STDLIB_H 1
| #define HAVE_STRING_H 1
| #define HAVE_INTTYPES_H 1
| #define HAVE_STDINT_H 1
| #define HAVE_STRINGS_H 1
| #define HAVE_SYS_STAT_H 1
| #define HAVE_SYS_TYPES_H 1
| #define HAVE_UNISTD_H 1
| #define STDC_HEADERS 1
| /* end confdefs.h.  */
| #ifndef __APPLE_CC__
| 	       not a universal capable compiler
| 	     #endif
| 	     typedef int dummy;
| 
configure:5149: gcc -c  -pipe  conftest.c >&5
configure:5149: $? = 0
configure:5168: gcc -c  -pipe  conftest.c >&5
conftest.c: In function 'main':
conftest.c:27:18: error: unknown type name 'not'; did you mean 'ino_t'?
   27 |                  not big endian
      |                  ^~~
      |                  ino_t
conftest.c:27:26: error: expected '=', ',', ';', 'asm' or '__attribute__' before 'endian'
   27 |                  not big endian
      |                          ^~~~~~
configure:5168: $? = 1
configure: failed program was:
| /* confdefs.h */
| #define PACKAGE_NAME "tclmcairo"
| #define PACKAGE_TARNAME "tclmcairo"
| #define PACKAGE_VERSION "0.2"
| #define PACKAGE_STRING "tclmcairo 0.2"
| #define PACKAGE_BUGREPORT ""
| #define PACKAGE_URL ""
| #define BUILD_tclmcairo /**/
| #define HAVE_STDIO_H 1
| #define HAVE_STDLIB_H 1
| #define HAVE_STRING_H 1
| #define HAVE_INTTYPES_H 1
| #define HAVE_STDINT_H 1
| #define HAVE_STRINGS_H 1
| #define HAVE_SYS_STAT_H 1
| #define HAVE_SYS_TYPES_H 1
| #define HAVE_UNISTD_H 1
| #define STDC_HEADERS 1
| /* end confdefs.h.  */
| #include <sys/types.h>
| 		#include <sys/param.h>
| 
| int
| main (void)
| {
| #if BYTE_ORDER != BIG_ENDIAN
| 		 not big endian
| 		#endif
| 
|   ;
|   return 0;
| }
configure:5309: result: no
configure:5331: checking for cairo
configure:5337: result: yes (pkg-config: 1.18.4)
configure:5348: checking for cairo/cairo.h
configure:5348: gcc -c  -pipe -I/usr/include/cairo -I/usr/include/freetype2 -I/usr/include/libpng16 -I/usr/include/pixman-1  conftest.c >&5
configure:5348: $? = 0
configure:5348: result: yes
configure:5359: checking for cairo/cairo-pdf.h
configure:5359: gcc -c  -pipe -I/usr/include/cairo -I/usr/include/freetype2 -I/usr/include/libpng16 -I/usr/include/pixman-1  conftest.c >&5
configure:5359: $? = 0
configure:5359: result: yes
configure:5370: checking for cairo/cairo-svg.h
configure:5370: gcc -c  -pipe -I/usr/include/cairo -I/usr/include/freetype2 -I/usr/include/libpng16 -I/usr/include/pixman-1  conftest.c >&5
configure:5370: $? = 0
configure:5370: result: yes
configure:5417: checking for jpeglib.h
configure:5417: gcc -c  -pipe  conftest.c >&5
configure:5417: $? = 0
configure:5417: result: yes
configure:5420: checking for jpeg_CreateDecompress in -ljpeg
configure:5449: gcc -o conftest  -pipe   conftest.c -ljpeg   >&5
configure:5449: $? = 0
configure:5461: result: yes
configure:5466: result: JPEG support enabled
configure:5623: checking for Tcl public headers
configure:5697: result: /usr/include/tcl9.0
configure:5717: checking for Tcl private include files
configure:5769: result: Using srcdir found in tclConfig.sh: /usr/include/tcl9.0/tcl-private
configure:5778: checking how to build libraries
configure:5816: result: shared
configure:5865: checking for egrep -e
configure:5995: result: /usr/bin/grep -E
configure:6329: creating ./config.status

## ---------------------- ##
## Running config.status. ##
## ---------------------- ##

This file was extended by tclmcairo config.status 0.2, which was
generated by GNU Autoconf 2.72.  Invocation command line was

  CONFIG_FILES    = 
  CONFIG_HEADERS  = 
  CONFIG_LINKS    = 
  CONFIG_COMMANDS = 
  $ ./config.status 

on lxpro

config.status:783: creating Makefile
config.status:783: creating pkgIndex.tcl

## ---------------- ##
## Cache variables. ##
## ---------------- ##

ac_cv_c_bigendian=no
ac_cv_c_compiler_gnu=yes
ac_cv_c_tclconfig=/usr/lib/tcl9.0
ac_cv_c_tclh=/usr/include/tcl9.0
ac_cv_env_CC_set=
ac_cv_env_CC_value=
ac_cv_env_CFLAGS_set=
ac_cv_env_CFLAGS_value=
ac_cv_env_CPPFLAGS_set=
ac_cv_env_CPPFLAGS_value=
ac_cv_env_CPP_set=
ac_cv_env_CPP_value=
ac_cv_env_LDFLAGS_set=
ac_cv_env_LDFLAGS_value=
ac_cv_env_LIBS_set=
ac_cv_env_LIBS_value=
ac_cv_env_build_alias_set=
ac_cv_env_build_alias_value=
ac_cv_env_host_alias_set=
ac_cv_env_host_alias_value=
ac_cv_env_target_alias_set=
ac_cv_env_target_alias_value=
ac_cv_header_cairo_cairo_h=yes
ac_cv_header_cairo_cairo_pdf_h=yes
ac_cv_header_cairo_cairo_svg_h=yes
ac_cv_header_inttypes_h=yes
ac_cv_header_jpeglib_h=yes
ac_cv_header_stdint_h=yes
ac_cv_header_stdio_h=yes
ac_cv_header_stdlib_h=yes
ac_cv_header_string_h=yes
ac_cv_header_strings_h=yes
ac_cv_header_sys_stat_h=yes
ac_cv_header_sys_types_h=yes
ac_cv_header_unistd_h=yes
ac_cv_lib_jpeg_jpeg_CreateDecompress=yes
ac_cv_objext=o
ac_cv_path_EGREP_TRADITIONAL='/usr/bin/grep -E'
ac_cv_prog_CPP='gcc -E'
ac_cv_prog_ac_ct_CC=gcc
ac_cv_prog_ac_ct_RANLIB=ranlib
ac_cv_prog_cc_c11=
ac_cv_prog_cc_g=yes
ac_cv_prog_cc_stdc=
ac_cv_prog_make_make_set=yes
tcl_cv_cc_pipe=yes
tcl_cv_sys_version=Linux-6.19.10+deb14-amd64

## ----------------- ##
## Output variables. ##
## ----------------- ##

CC='gcc'
CFLAGS=' -pipe ${CFLAGS_DEFAULT} ${CFLAGS_WARNING} ${SHLIB_CFLAGS}'
CLEANFILES=''
CPP='gcc -E'
CPPFLAGS=''
CYGPATH='echo'
DEFS='-DPACKAGE_NAME=\"tclmcairo\" -DPACKAGE_TARNAME=\"tclmcairo\" -DPACKAGE_VERSION=\"0.2\" -DPACKAGE_STRING=\"tclmcairo\ 0.2\" -DPACKAGE_BUGREPORT=\"\" -DPACKAGE_URL=\"\" -DBUILD_tclmcairo=/\*\*/ -DHAVE_STDIO_H=1 -DHAVE_STDLIB_H=1 -DHAVE_STRING_H=1 -DHAVE_INTTYPES_H=1 -DHAVE_STDINT_H=1 -DHAVE_STRINGS_H=1 -DHAVE_SYS_STAT_H=1 -DHAVE_SYS_TYPES_H=1 -DHAVE_UNISTD_H=1 -DSTDC_HEADERS=1 -DUSE_TCL_STUBS=1 -DUSE_TCLOO_STUBS=1'
ECHO_C=''
ECHO_N='-n'
ECHO_T=''
EXEEXT=''
INSTALL='$(SHELL) $(srcdir)/tclconfig/install-sh -c'
INSTALL_DATA='${INSTALL} -m 644'
INSTALL_DATA_DIR='${INSTALL} -d -m 755'
INSTALL_LIBRARY='${INSTALL} -m 644'
INSTALL_PROGRAM='${INSTALL} -m 755'
INSTALL_SCRIPT='${INSTALL} -m 755'
LDFLAGS=''
LIBOBJS=''
LIBS=''
LTLIBOBJS=''
MAKE_LIB='${SHLIB_LD} ${LDFLAGS} ${LDFLAGS_DEFAULT} -o $@ $(PKG_OBJECTS) ${SHLIB_LD_LIBS} '
MAKE_SHARED_LIB='${SHLIB_LD} ${LDFLAGS} ${LDFLAGS_DEFAULT} -o $@ $(PKG_OBJECTS) ${SHLIB_LD_LIBS}'
MAKE_STATIC_LIB='${STLIB_LD} $@ $(PKG_OBJECTS)'
MAKE_STUB_LIB='${STLIB_LD} $@ $(PKG_STUB_OBJECTS)'
OBJEXT='o'
PACKAGE_BUGREPORT=''
PACKAGE_NAME='tclmcairo'
PACKAGE_STRING='tclmcairo 0.2'
PACKAGE_TARNAME='tclmcairo'
PACKAGE_URL=''
PACKAGE_VERSION='0.2'
PATH_SEPARATOR=':'
PKG_CFLAGS=' -DHAVE_LIBJPEG  -std=c11 -Wall -Wextra'
PKG_HEADERS=''
PKG_INCLUDES=' -I/usr/include/cairo -I/usr/include/freetype2 -I/usr/include/libpng16 -I/usr/include/pixman-1'
PKG_LIBS=' -lcairo -ljpeg -lm'
PKG_LIB_FILE8='libtclmcairo'
PKG_LIB_FILE9='libtcl9tclmcairo'
PKG_LIB_FILE='libtcl9tclmcairo'
PKG_OBJECTS=' libtclmcairo.o'
PKG_SOURCES=' src/libtclmcairo.c'
PKG_STUB_LIB_FILE='libtclmcairostub.a'
PKG_STUB_OBJECTS=''
PKG_STUB_SOURCES=''
PKG_TCL_SOURCES=' tcl/tclmcairo-0.2.tm'
RANLIB=':'
RANLIB_STUB='ranlib'
SET_MAKE=''
SHARED_BUILD='1'
SHELL='/bin/bash'
STUBS_BUILD='1'
TCLSH_PROG=''
TCL_BIN_DIR='/usr/lib/tcl9.0'
TCL_DEFS='-DPACKAGE_NAME=\"tcl\" -DPACKAGE_TARNAME=\"tcl\" -DPACKAGE_VERSION=\"9.0\" -DPACKAGE_STRING=\"tcl\ 9.0\" -DPACKAGE_BUGREPORT=\"\" -DPACKAGE_URL=\"\" -DHAVE_STDIO_H=1 -DHAVE_STDLIB_H=1 -DHAVE_STRING_H=1 -DHAVE_INTTYPES_H=1 -DHAVE_STDINT_H=1 -DHAVE_STRINGS_H=1 -DHAVE_SYS_STAT_H=1 -DHAVE_SYS_TYPES_H=1 -DHAVE_UNISTD_H=1 -DHAVE_SYS_TIME_H=1 -DSTDC_HEADERS=1 -DHAVE_SYS_PARAM_H=1 -DTCL_CFGVAL_ENCODING=\"utf-8\" -D_REENTRANT=1 -D_THREAD_SAFE=1 -DHAVE_PTHREAD_ATTR_SETSTACKSIZE=1 -DHAVE_PTHREAD_ATFORK=1 -DTCL_WITH_EXTERNAL_TOMMATH=1 -DMODULE_SCOPE=extern\ __attribute__\(\(__visibility__\(\"hidden\"\)\)\) -DHAVE_HIDDEN=1 -DHAVE_CAST_TO_UNION=1 -DHAVE_VFORK=1 -DHAVE_POSIX_SPAWNP=1 -DHAVE_POSIX_SPAWN_FILE_ACTIONS_ADDDUP2=1 -DHAVE_POSIX_SPAWNATTR_SETFLAGS=1 -DTCL_SHLIB_EXT=\".so\" -DNDEBUG=1 -DTCL_CFG_OPTIMIZED=1 -DMP_PREC=4 -D_LARGEFILE64_SOURCE=1 -DTCL_WIDE_INT_IS_LONG=1 -DHAVE_GETCWD=1 -DHAVE_MKSTEMP=1 -DHAVE_WAITPID=1 -DHAVE_GETNAMEINFO=1 -DHAVE_GETADDRINFO=1 -DHAVE_FREEADDRINFO=1 -DHAVE_GAI_STRERROR=1 -DHAVE_STRUCT_ADDRINFO=1 -DHAVE_STRUCT_IN6_ADDR=1 -DHAVE_STRUCT_SOCKADDR_IN6=1 -DHAVE_STRUCT_SOCKADDR_STORAGE=1 -DHAVE_GETPWUID_R_5=1 -DHAVE_GETPWUID_R=1 -DHAVE_GETPWNAM_R_5=1 -DHAVE_GETPWNAM_R=1 -DHAVE_GETGRGID_R_5=1 -DHAVE_GETGRGID_R=1 -DHAVE_GETGRNAM_R_5=1 -DHAVE_GETGRNAM_R=1 -DHAVE_DECL_GETHOSTBYNAME_R=1 -DHAVE_GETHOSTBYNAME_R_6=1 -DHAVE_GETHOSTBYNAME_R=1 -DHAVE_DECL_GETHOSTBYADDR_R=1 -DHAVE_GETHOSTBYADDR_R_8=1 -DHAVE_GETHOSTBYADDR_R=1 -DHAVE_TERMIOS_H=1 -DHAVE_SYS_IOCTL_H=1 -DHAVE_PSELECT=1 -DHAVE_SYS_EPOLL_H=1 -DNOTIFIER_EPOLL=1 -DHAVE_SYS_EVENTFD_H=1 -DHAVE_EVENTFD=1 -DHAVE_SYS_TIME_H=1 -DHAVE_GMTIME_R=1 -DHAVE_LOCALTIME_R=1 -DHAVE_TM_GMTOFF=1 -DHAVE_TIMEZONE_VAR=1 -DHAVE_STRUCT_STAT_ST_BLOCKS=1 -DHAVE_STRUCT_STAT_ST_BLKSIZE=1 -DHAVE_STRUCT_STAT_ST_RDEV=1 -DHAVE_BLKCNT_T=1 -DHAVE_INTPTR_T=1 -DHAVE_UINTPTR_T=1 -DNO_UNION_WAIT=1 -DHAVE_SIGNED_CHAR=1 -DHAVE_LANGINFO=1 -DHAVE_CFMAKERAW=1 -DHAVE_MKSTEMPS=1 -DHAVE_FTS=1 -DHAVE_SYS_IOCTL_H=1 -DTCL_UNLOAD_DLLS=1 -DHAVE_CPUID=1'
TCL_EXTRA_CFLAGS='-g -O2 -Werror=implicit-function-declaration -ffile-prefix-map=/build/reproducible-path/tcl9.0-9.0.3+dfsg=. -fstack-protector-strong -fstack-clash-protection -Wformat -Werror=format-security -fcf-protection -fno-unit-at-a-time -pipe -finput-charset=UTF-8 -Wdate-time -D_FORTIFY_SOURCE=2'
TCL_INCLUDES='-I"/usr/include/tcl9.0/tcl-private/generic" -I"/usr/include/tcl9.0/tcl-private/unix"'
TCL_LD_FLAGS='-Wl,-z,relro -Wl,--export-dynamic '
TCL_LIBS='-ldl -lz  -lpthread -lm -ltommath'
TCL_LIB_FILE='libtcl9.0.so'
TCL_LIB_FLAG='-ltcl9.0'
TCL_LIB_SPEC='-L/usr/lib/x86_64-linux-gnu -ltcl9.0'
TCL_PATCH_LEVEL='.3'
TCL_SHLIB_LD_LIBS='${LIBS}'
TCL_SRC_DIR='/usr/include/tcl9.0/tcl-private'
TCL_STUB_LIB_FILE='libtclstub9.0.a'
TCL_STUB_LIB_FLAG='-ltclstub9.0'
TCL_STUB_LIB_SPEC='-L/usr/lib/x86_64-linux-gnu -ltclstub9.0'
TCL_TOP_DIR_NATIVE='"/usr/include/tcl9.0/tcl-private"'
TCL_VERSION='9.0'
VC_MANIFEST_EMBED_DLL=''
VC_MANIFEST_EMBED_EXE=''
ac_ct_CC='gcc'
bindir='${exec_prefix}/bin'
build_alias=''
datadir='${datarootdir}'
datarootdir='${prefix}/share'
docdir='${datarootdir}/doc/${PACKAGE_TARNAME}'
dvidir='${docdir}'
exec_prefix='/usr'
host_alias=''
htmldir='${docdir}'
includedir='${prefix}/include'
infodir='${datarootdir}/info'
libdir='${exec_prefix}/lib'
libexecdir='${exec_prefix}/libexec'
localedir='${datarootdir}/locale'
localstatedir='${prefix}/var'
mandir='${datarootdir}/man'
oldincludedir='/usr/include'
pdfdir='${docdir}'
prefix='/usr'
program_transform_name='s,x,x,'
psdir='${docdir}'
runstatedir='${localstatedir}/run'
sbindir='${exec_prefix}/sbin'
sharedstatedir='${prefix}/com'
sysconfdir='${prefix}/etc'
target_alias=''

## ----------- ##
## confdefs.h. ##
## ----------- ##

/* confdefs.h */
#define PACKAGE_NAME "tclmcairo"
#define PACKAGE_TARNAME "tclmcairo"
#define PACKAGE_VERSION "0.2"
#define PACKAGE_STRING "tclmcairo 0.2"
#define PACKAGE_BUGREPORT ""
#define PACKAGE_URL ""
#define BUILD_tclmcairo /**/
#define HAVE_STDIO_H 1
#define HAVE_STDLIB_H 1
#define HAVE_STRING_H 1
#define HAVE_INTTYPES_H 1
#define HAVE_STDINT_H 1
#define HAVE_STRINGS_H 1
#define HAVE_SYS_STAT_H 1
#define HAVE_SYS_TYPES_H 1
#define HAVE_UNISTD_H 1
#define STDC_HEADERS 1
#define USE_TCL_STUBS 1
#define USE_TCLOO_STUBS 1

configure: exit 0
